# JRE version: OpenJDK Runtime Environment (8.0_242) (build 1.8.0_242-release-1644-b3-6222593)
# Java VM: OpenJDK 64-Bit Server VM (25.242-b3-6222593 mixed mode linux-amd64 compressed oops)
Heap:
 PSYoungGen      total 138240K, used 5216K [0x00000000d5580000, 0x00000000de880000, 0x0000000100000000)
  eden space 126976K, 0% used [0x00000000d5580000,0x00000000d5580000,0x00000000dd180000)
  from space 11264K, 46% used [0x00000000ddd80000,0x00000000de298050,0x00000000de880000)
  to   space 11776K, 0% used [0x00000000dd180000,0x00000000dd180000,0x00000000ddd00000)
 ParOldGen       total 84992K, used 10336K [0x0000000080000000, 0x0000000085300000, 0x00000000d5580000)
  object space 84992K, 12% used [0x0000000080000000,0x0000000080a18320,0x0000000085300000)
 Metaspace       used 20476K, capacity 21254K, committed 21296K, reserved 1067008K
  class space    used 2858K, capacity 3085K, committed 3120K, reserved 1048576K
GC Heap History (10 events):
Event: 1.146 GC heap after
Heap after GC invocations=2 (full 0):
 PSYoungGen      total 36864K, used 3761K [0x00000000d5580000, 0x00000000d9d80000, 0x0000000100000000)
  eden space 31744K, 0% used [0x00000000d5580000,0x00000000d5580000,0x00000000d7480000)
  from space 5120K, 73% used [0x00000000d7980000,0x00000000d7d2c5f8,0x00000000d7e80000)
  to   space 5120K, 0% used [0x00000000d7480000,0x00000000d7480000,0x00000000d7980000)
 ParOldGen       total 84992K, used 24K [0x0000000080000000, 0x0000000085300000, 0x00000000d5580000)
  object space 84992K, 0% used [0x0000000080000000,0x0000000080006000,0x0000000085300000)
 Metaspace       used 7680K, capacity 7950K, committed 8064K, reserved 1056768K
  class space    used 983K, capacity 1077K, committed 1152K, reserved 1048576K
}
Event: 2.935 GC heap before
{Heap before GC invocations=3 (full 0):
 PSYoungGen      total 36864K, used 35505K [0x00000000d5580000, 0x00000000d9d80000, 0x0000000100000000)
  eden space 31744K, 100% used [0x00000000d5580000,0x00000000d7480000,0x00000000d7480000)
  from space 5120K, 73% used [0x00000000d7980000,0x00000000d7d2c5f8,0x00000000d7e80000)
  to   space 5120K, 0% used [0x00000000d7480000,0x00000000d7480000,0x00000000d7980000)
 ParOldGen       total 84992K, used 24K [0x0000000080000000, 0x0000000085300000, 0x00000000d5580000)
  object space 84992K, 0% used [0x0000000080000000,0x0000000080006000,0x0000000085300000)
 Metaspace       used 12533K, capacity 13012K, committed 13184K, reserved 1060864K
  class space    used 1715K, capacity 1860K, committed 1920K, reserved 1048576K
Event: 2.941 GC heap after
Heap after GC invocations=3 (full 0):
 PSYoungGen      total 36864K, used 5088K [0x00000000d5580000, 0x00000000d9d80000, 0x0000000100000000)
  eden space 31744K, 0% used [0x00000000d5580000,0x00000000d5580000,0x00000000d7480000)
  from space 5120K, 99% used [0x00000000d7480000,0x00000000d7978030,0x00000000d7980000)
  to   space 5120K, 0% used [0x00000000d9880000,0x00000000d9880000,0x00000000d9d80000)
 ParOldGen       total 84992K, used 1637K [0x0000000080000000, 0x0000000085300000, 0x00000000d5580000)
  object space 84992K, 1% used [0x0000000080000000,0x00000000801994b0,0x0000000085300000)
 Metaspace       used 12533K, capacity 13012K, committed 13184K, reserved 1060864K
  class space    used 1715K, capacity 1860K, committed 1920K, reserved 1048576K
}
Event: 3.692 GC heap before
{Heap before GC invocations=4 (full 0):
 PSYoungGen      total 36864K, used 36832K [0x00000000d5580000, 0x00000000d9d80000, 0x0000000100000000)
  eden space 31744K, 100% used [0x00000000d5580000,0x00000000d7480000,0x00000000d7480000)
  from space 5120K, 99% used [0x00000000d7480000,0x00000000d7978030,0x00000000d7980000)
  to   space 5120K, 0% used [0x00000000d9880000,0x00000000d9880000,0x00000000d9d80000)
 ParOldGen       total 84992K, used 1637K [0x0000000080000000, 0x0000000085300000, 0x00000000d5580000)
  object space 84992K, 1% used [0x0000000080000000,0x00000000801994b0,0x0000000085300000)
 Metaspace       used 16151K, capacity 16788K, committed 17024K, reserved 1064960K
  class space    used 2155K, capacity 2346K, committed 2432K, reserved 1048576K
Event: 3.703 GC heap after
Heap after GC invocations=4 (full 0):
 PSYoungGen      total 68608K, used 5088K [0x00000000d5580000, 0x00000000d9d80000, 0x0000000100000000)
  eden space 63488K, 0% used [0x00000000d5580000,0x00000000d5580000,0x00000000d9380000)
  from space 5120K, 99% used [0x00000000d9880000,0x00000000d9d78030,0x00000000d9d80000)
  to   space 5120K, 0% used [0x00000000d9380000,0x00000000d9380000,0x00000000d9880000)
 ParOldGen       total 84992K, used 4343K [0x0000000080000000, 0x0000000085300000, 0x00000000d5580000)
  object space 84992K, 5% used [0x0000000080000000,0x000000008043df08,0x0000000085300000)
 Metaspace       used 16151K, capacity 16788K, committed 17024K, reserved 1064960K
  class space    used 2155K, capacity 2346K, committed 2432K, reserved 1048576K
}
Event: 7.477 GC heap before
{Heap before GC invocations=5 (full 0):
 PSYoungGen      total 68608K, used 68576K [0x00000000d5580000, 0x00000000d9d80000, 0x0000000100000000)
  eden space 63488K, 100% used [0x00000000d5580000,0x00000000d9380000,0x00000000d9380000)
  from space 5120K, 99% used [0x00000000d9880000,0x00000000d9d78030,0x00000000d9d80000)
  to   space 5120K, 0% used [0x00000000d9380000,0x00000000d9380000,0x00000000d9880000)
 ParOldGen       total 84992K, used 4343K [0x0000000080000000, 0x0000000085300000, 0x00000000d5580000)
  object space 84992K, 5% used [0x0000000080000000,0x000000008043df08,0x0000000085300000)
 Metaspace       used 20370K, capacity 21132K, committed 21248K, reserved 1067008K
  class space    used 2844K, capacity 3046K, committed 3072K, reserved 1048576K
Event: 7.494 GC heap after
Heap after GC invocations=5 (full 0):
 PSYoungGen      total 68608K, used 5088K [0x00000000d5580000, 0x00000000de980000, 0x0000000100000000)
  eden space 63488K, 0% used [0x00000000d5580000,0x00000000d5580000,0x00000000d9380000)
  from space 5120K, 99% used [0x00000000d9380000,0x00000000d9878050,0x00000000d9880000)
  to   space 12288K, 0% used [0x00000000ddd80000,0x00000000ddd80000,0x00000000de980000)
 ParOldGen       total 84992K, used 10336K [0x0000000080000000, 0x0000000085300000, 0x00000000d5580000)
  object space 84992K, 12% used [0x0000000080000000,0x0000000080a18320,0x0000000085300000)
 Metaspace       used 20370K, capacity 21132K, committed 21248K, reserved 1067008K
  class space    used 2844K, capacity 3046K, committed 3072K, reserved 1048576K
}
Event: 7.731 GC heap before
{Heap before GC invocations=6 (full 0):
 PSYoungGen      total 68608K, used 7334K [0x00000000d5580000, 0x00000000de980000, 0x0000000100000000)
  eden space 63488K, 3% used [0x00000000d5580000,0x00000000d57b19f8,0x00000000d9380000)
  from space 5120K, 99% used [0x00000000d9380000,0x00000000d9878050,0x00000000d9880000)
  to   space 12288K, 0% used [0x00000000ddd80000,0x00000000ddd80000,0x00000000de980000)
 ParOldGen       total 84992K, used 10336K [0x0000000080000000, 0x0000000085300000, 0x00000000d5580000)
  object space 84992K, 12% used [0x0000000080000000,0x0000000080a18320,0x0000000085300000)
 Metaspace       used 20476K, capacity 21254K, committed 21296K, reserved 1067008K
  class space    used 2858K, capacity 3085K, committed 3120K, reserved 1048576K
Event: 7.741 GC heap after
Heap after GC invocations=6 (full 0):
 PSYoungGen      total 138240K, used 5216K [0x00000000d5580000, 0x00000000de880000, 0x0000000100000000)
  eden space 126976K, 0% used [0x00000000d5580000,0x00000000d5580000,0x00000000dd180000)
  from space 11264K, 46% used [0x00000000ddd80000,0x00000000de298050,0x00000000de880000)
  to   space 11776K, 0% used [0x00000000dd180000,0x00000000dd180000,0x00000000ddd00000)
 ParOldGen       total 84992K, used 10336K [0x0000000080000000, 0x0000000085300000, 0x00000000d5580000)
  object space 84992K, 12% used [0x0000000080000000,0x0000000080a18320,0x0000000085300000)
 Metaspace       used 20476K, capacity 21254K, committed 21296K, reserved 1067008K
  class space    used 2858K, capacity 3085K, committed 3120K, reserved 1048576K
}
Event: 7.741 GC heap before
{Heap before GC invocations=7 (full 1):
 PSYoungGen      total 138240K, used 5216K [0x00000000d5580000, 0x00000000de880000, 0x0000000100000000)
  eden space 126976K, 0% used [0x00000000d5580000,0x00000000d5580000,0x00000000dd180000)
  from space 11264K, 46% used [0x00000000ddd80000,0x00000000de298050,0x00000000de880000)
  to   space 11776K, 0% used [0x00000000dd180000,0x00000000dd180000,0x00000000ddd00000)
 ParOldGen       total 84992K, used 10336K [0x0000000080000000, 0x0000000085300000, 0x00000000d5580000)
  object space 84992K, 12% used [0x0000000080000000,0x0000000080a18320,0x0000000085300000)
 Metaspace       used 20476K, capacity 21254K, committed 21296K, reserved 1067008K
  class space    used 2858K, capacity 3085K, committed 3120K, reserved 1048576K

